<?xml version="1.0" encoding="UTF-8"?>
<!-- Generated by org.testng.reporters.JUnitReportReporter -->
<testsuite hostname="SoumyaHugar" failures="0" tests="1" name="Admin.testcase.ClaimapplicationOPDRequestortest" time="162.027" errors="0" timestamp="2022-06-03T13:48:39 IST" skipped="0">
  <testcase classname="Admin.testcase.ClaimapplicationOPDRequestortest" name="againcreateform" time="162.027"/>
  <system-out/>
</testsuite> <!-- Admin.testcase.ClaimapplicationOPDRequestortest -->
