<?xml version="1.0" encoding="UTF-8"?>
<!-- Generated by org.testng.reporters.JUnitReportReporter -->
<testsuite hostname="SoumyaHugar" failures="0" tests="6" name="Admin.testcase.VigilanceNOCforwardingRequestortest" time="327.614" errors="0" timestamp="2022-07-04T15:39:20 IST" skipped="0">
  <testcase classname="Admin.testcase.VigilanceNOCforwardingRequestortest" name="Gobacktest" time="36.585"/>
  <system-out/>
  <testcase classname="Admin.testcase.VigilanceNOCforwardingRequestortest" name="Nocforwardingcanceltest" time="66.108"/>
  <system-out/>
  <testcase classname="Admin.testcase.VigilanceNOCforwardingRequestortest" name="Nocforwardingsubmittest" time="69.486"/>
  <system-out/>
  <testcase classname="Admin.testcase.VigilanceNOCforwardingRequestortest" name="ViewandQuittest" time="46.287"/>
  <system-out/>
  <testcase classname="Admin.testcase.VigilanceNOCforwardingRequestortest" name="deletetherecordtest" time="35.817"/>
  <system-out/>
  <testcase classname="Admin.testcase.VigilanceNOCforwardingRequestortest" name="Finalsubmittest" time="73.331"/>
  <system-out/>
</testsuite> <!-- Admin.testcase.VigilanceNOCforwardingRequestortest -->
