<?xml version="1.0" encoding="UTF-8"?>
<!-- Generated by org.testng.reporters.JUnitReportReporter -->
<testsuite hostname="SoumyaHugar" failures="0" tests="1" name="Admin.testcase.MedicaladdingApprovetest2" time="55.163" errors="0" timestamp="2022-06-03T13:20:53 IST" skipped="0">
  <testcase classname="Admin.testcase.MedicaladdingApprovetest2" name="finalapproveformtest" time="55.163"/>
  <system-out/>
</testsuite> <!-- Admin.testcase.MedicaladdingApprovetest2 -->
