<?xml version="1.0" encoding="UTF-8"?>
<!-- Generated by org.testng.reporters.JUnitReportReporter -->
<testsuite hostname="SoumyaHugar" failures="0" tests="1" name="Admin.testcase.AnnualleaveRequestortest1" time="91.150" errors="0" timestamp="2022-06-14T15:19:41 IST" skipped="0">
  <testcase classname="Admin.testcase.AnnualleaveRequestortest1" name="finalsubmittest" time="91.150"/>
  <system-out/>
</testsuite> <!-- Admin.testcase.AnnualleaveRequestortest1 -->
