<?xml version="1.0" encoding="UTF-8"?>
<!-- Generated by org.testng.reporters.JUnitReportReporter -->
<testsuite hostname="SoumyaHugar" failures="0" tests="1" name="Admin.testcase.TelephoneRequesttest" time="116.024" errors="0" timestamp="2022-07-23T21:04:47 IST" skipped="0">
  <testcase classname="Admin.testcase.TelephoneRequesttest" name="againcreateformtest" time="116.024"/>
  <system-out/>
</testsuite> <!-- Admin.testcase.TelephoneRequesttest -->
