<?xml version="1.0" encoding="UTF-8"?>
<!-- Generated by org.testng.reporters.JUnitReportReporter -->
<testsuite hostname="SoumyaHugar" failures="0" tests="1" name="Admin.testcase.MaterialBidopeningApprovertest" time="64.356" errors="0" timestamp="2022-08-01T18:38:36 IST" skipped="0">
  <testcase classname="Admin.testcase.MaterialBidopeningApprovertest" name="approveBidopeningtest" time="64.356"/>
  <system-out/>
</testsuite> <!-- Admin.testcase.MaterialBidopeningApprovertest -->
