<?xml version="1.0" encoding="UTF-8"?>
<!-- Generated by org.testng.reporters.JUnitReportReporter -->
<testsuite hostname="SoumyaHugar" failures="0" tests="6" name="Admin.testcase.VigilanceNOCpassportRequestortest" time="396.208" errors="0" timestamp="2022-07-04T15:23:20 IST" skipped="0">
  <testcase classname="Admin.testcase.VigilanceNOCpassportRequestortest" name="Gobacktest" time="37.876"/>
  <system-out/>
  <testcase classname="Admin.testcase.VigilanceNOCpassportRequestortest" name="Nocpassportcanceltest" time="133.408"/>
  <system-out/>
  <testcase classname="Admin.testcase.VigilanceNOCpassportRequestortest" name="Nocpassportsubmittest" time="69.166"/>
  <system-out/>
  <testcase classname="Admin.testcase.VigilanceNOCpassportRequestortest" name="ViewandQuittest" time="44.803"/>
  <system-out/>
  <testcase classname="Admin.testcase.VigilanceNOCpassportRequestortest" name="deletetherecordtest" time="39.979"/>
  <system-out/>
  <testcase classname="Admin.testcase.VigilanceNOCpassportRequestortest" name="Finalsubmittest" time="70.976"/>
  <system-out/>
</testsuite> <!-- Admin.testcase.VigilanceNOCpassportRequestortest -->
