<?xml version="1.0" encoding="UTF-8"?>
<!-- Generated by org.testng.reporters.JUnitReportReporter -->
<testsuite hostname="SoumyaHugar" failures="0" tests="6" name="Admin.testcase.VigilanceNocforeignvisitRequestortest" time="413.945" errors="0" timestamp="2022-07-04T15:54:06 IST" skipped="0">
  <testcase classname="Admin.testcase.VigilanceNocforeignvisitRequestortest" name="Gobacktest" time="34.827"/>
  <system-out/>
  <testcase classname="Admin.testcase.VigilanceNocforeignvisitRequestortest" name="Nocforeigncanceltest" time="93.450"/>
  <system-out/>
  <testcase classname="Admin.testcase.VigilanceNocforeignvisitRequestortest" name="Nocforeignsubmittest" time="98.600"/>
  <system-out/>
  <testcase classname="Admin.testcase.VigilanceNocforeignvisitRequestortest" name="ViewandQuittest" time="54.242"/>
  <system-out/>
  <testcase classname="Admin.testcase.VigilanceNocforeignvisitRequestortest" name="deletetherecordtest" time="41.528"/>
  <system-out/>
  <testcase classname="Admin.testcase.VigilanceNocforeignvisitRequestortest" name="Finalsubmittest" time="91.298"/>
  <system-out/>
</testsuite> <!-- Admin.testcase.VigilanceNocforeignvisitRequestortest -->
