<?xml version="1.0" encoding="UTF-8"?>
<!-- Generated by org.testng.reporters.JUnitReportReporter -->
<testsuite hostname="SoumyaHugar" failures="0" tests="1" name="Admin.testcase.VigilanceclearanceProRequestortest" time="56.574" errors="0" timestamp="2022-07-08T11:53:03 IST" skipped="0">
  <testcase classname="Admin.testcase.VigilanceclearanceProRequestortest" name="submittest" time="56.574"/>
  <system-out/>
</testsuite> <!-- Admin.testcase.VigilanceclearanceProRequestortest -->
