<?xml version="1.0" encoding="UTF-8"?>
<!-- Generated by org.testng.reporters.JUnitReportReporter -->
<testsuite hostname="SoumyaHugar" failures="0" tests="1" name="Admin.testcase.SickleaveRequestortest" time="43.213" errors="0" timestamp="2022-06-05T18:36:58 IST" skipped="0">
  <testcase classname="Admin.testcase.SickleaveRequestortest" name="quittest" time="43.213"/>
  <system-out/>
</testsuite> <!-- Admin.testcase.SickleaveRequestortest -->
