<?xml version="1.0" encoding="UTF-8"?>
<!-- Generated by org.testng.reporters.JUnitReportReporter -->
<testsuite hostname="SoumyaHugar" failures="0" tests="1" name="Admin.testcase.ClaimapplicationIPDApprovertest2" time="70.752" errors="0" timestamp="2022-06-03T13:44:58 IST" skipped="0">
  <testcase classname="Admin.testcase.ClaimapplicationIPDApprovertest2" name="finalapproveformtest" time="70.752"/>
  <system-out/>
</testsuite> <!-- Admin.testcase.ClaimapplicationIPDApprovertest2 -->
