<?xml version="1.0" encoding="UTF-8"?>
<!-- Generated by org.testng.reporters.JUnitReportReporter -->
<testsuite hostname="SoumyaHugar" failures="0" tests="1" name="Admin.testcase.HalfPayLeaveRequestortest" time="33.913" errors="0" timestamp="2022-06-05T17:55:40 IST" skipped="0">
  <testcase classname="Admin.testcase.HalfPayLeaveRequestortest" name="viewsubmittedapgetest" time="33.913"/>
  <system-out/>
</testsuite> <!-- Admin.testcase.HalfPayLeaveRequestortest -->
