<?xml version="1.0" encoding="UTF-8"?>
<!-- Generated by org.testng.reporters.JUnitReportReporter -->
<testsuite hostname="SoumyaHugar" failures="0" tests="1" name="Admin.testcase.CompensatoryRequestortest" time="42.623" errors="0" timestamp="2022-06-05T17:05:12 IST" skipped="0">
  <testcase classname="Admin.testcase.CompensatoryRequestortest" name="viewsubmittedapgetest" time="42.623"/>
  <system-out/>
</testsuite> <!-- Admin.testcase.CompensatoryRequestortest -->
