<?xml version="1.0" encoding="UTF-8"?>
<!-- Generated by org.testng.reporters.JUnitReportReporter -->
<testsuite hostname="SoumyaHugar" failures="0" tests="1" name="Admin.testcase.VigilanceclearanceRetiRequestortest" time="55.284" errors="0" timestamp="2022-07-20T11:34:16 IST" skipped="0">
  <testcase classname="Admin.testcase.VigilanceclearanceRetiRequestortest" name="Finalsubmittest" time="55.284"/>
  <system-out/>
</testsuite> <!-- Admin.testcase.VigilanceclearanceRetiRequestortest -->
