<?xml version="1.0" encoding="UTF-8"?>
<!-- Generated by org.testng.reporters.JUnitReportReporter -->
<testsuite hostname="SoumyaHugar" failures="0" tests="1" name="Admin.testcase.ClaimintimationRequesttest2" time="49.425" errors="0" timestamp="2022-05-03T13:53:06 IST" skipped="0">
  <testcase classname="Admin.testcase.ClaimintimationRequesttest2" name="submittest" time="49.425"/>
  <system-out/>
</testsuite> <!-- Admin.testcase.ClaimintimationRequesttest2 -->
