<?xml version="1.0" encoding="UTF-8"?>
<!-- Generated by org.testng.reporters.JUnitReportReporter -->
<testsuite hostname="SoumyaHugar" failures="0" tests="1" name="Admin.testcase.MaterialpurchaseApprovertest" time="63.609" errors="0" timestamp="2022-08-01T18:02:13 IST" skipped="0">
  <testcase classname="Admin.testcase.MaterialpurchaseApprovertest" name="approvetest" time="63.609"/>
  <system-out/>
</testsuite> <!-- Admin.testcase.MaterialpurchaseApprovertest -->
