<?xml version="1.0" encoding="UTF-8"?>
<!-- Generated by org.testng.reporters.JUnitReportReporter -->
<testsuite hostname="SoumyaHugar" failures="0" tests="5" name="Admin.testcase.ClaimapplicationIPDApprovertest" time="287.433" errors="0" timestamp="2022-05-20T13:49:13 IST" skipped="0">
  <testcase classname="Admin.testcase.ClaimapplicationIPDApprovertest" name="approverhistorytest" time="38.751"/>
  <system-out/>
  <testcase classname="Admin.testcase.ClaimapplicationIPDApprovertest" name="remarktest" time="49.650"/>
  <system-out/>
  <testcase classname="Admin.testcase.ClaimapplicationIPDApprovertest" name="rejectformtest" time="75.718"/>
  <system-out/>
  <testcase classname="Admin.testcase.ClaimapplicationIPDApprovertest" name="resetformtest" time="58.809"/>
  <system-out/>
  <testcase classname="Admin.testcase.ClaimapplicationIPDApprovertest" name="finalrejectformtest" time="64.505"/>
  <system-out/>
</testsuite> <!-- Admin.testcase.ClaimapplicationIPDApprovertest -->
