<?xml version="1.0" encoding="UTF-8"?>
<!-- Generated by org.testng.reporters.JUnitReportReporter -->
<testsuite hostname="SoumyaHugar" failures="0" tests="1" name="Admin.testcase.VigilanceclearanceOtherRequestortest" time="44.211" errors="0" timestamp="2022-07-05T17:43:03 IST" skipped="0">
  <testcase classname="Admin.testcase.VigilanceclearanceOtherRequestortest" name="Gobacktest" time="44.211"/>
  <system-out/>
</testsuite> <!-- Admin.testcase.VigilanceclearanceOtherRequestortest -->
