<?xml version="1.0" encoding="UTF-8"?>
<!-- Generated by org.testng.reporters.JUnitReportReporter -->
<testsuite hostname="SoumyaHugar" failures="0" tests="4" name="Admin.testcase.VigilanceNOCpassportApprovertest2" time="205.365" errors="0" timestamp="2022-07-04T15:29:51 IST" skipped="0">
  <testcase classname="Admin.testcase.VigilanceNOCpassportApprovertest2" name="clickviewformtest" time="43.121"/>
  <system-out/>
  <testcase classname="Admin.testcase.VigilanceNOCpassportApprovertest2" name="remarkandalldetailstest" time="46.153"/>
  <system-out/>
  <testcase classname="Admin.testcase.VigilanceNOCpassportApprovertest2" name="Resettest" time="54.940"/>
  <system-out/>
  <testcase classname="Admin.testcase.VigilanceNOCpassportApprovertest2" name="Submittest" time="61.151"/>
  <system-out/>
</testsuite> <!-- Admin.testcase.VigilanceNOCpassportApprovertest2 -->
