<?xml version="1.0" encoding="UTF-8"?>
<!-- Generated by org.testng.reporters.JUnitReportReporter -->
<testsuite hostname="SoumyaHugar" failures="0" tests="1" name="Admin.testcase.MaterialBidcomparisonRequestortest" time="67.293" errors="0" timestamp="2022-08-01T19:01:13 IST" skipped="0">
  <testcase classname="Admin.testcase.MaterialBidcomparisonRequestortest" name="selectBidcompsrisontest" time="67.293"/>
  <system-out/>
</testsuite> <!-- Admin.testcase.MaterialBidcomparisonRequestortest -->
