<?xml version="1.0" encoding="UTF-8"?>
<!-- Generated by org.testng.reporters.JUnitReportReporter -->
<testsuite hostname="SoumyaHugar" failures="0" tests="1" name="Admin.testcase.ClaimintimationApprovertest2" time="62.616" errors="0" timestamp="2022-06-03T13:35:16 IST" skipped="0">
  <testcase classname="Admin.testcase.ClaimintimationApprovertest2" name="finalapproveformtest" time="62.616"/>
  <system-out/>
</testsuite> <!-- Admin.testcase.ClaimintimationApprovertest2 -->
