<?xml version="1.0" encoding="UTF-8"?>
<!-- Generated by org.testng.reporters.JUnitReportReporter -->
<testsuite hostname="SoumyaHugar" failures="0" tests="4" name="Admin.testcase.VigilanceNOCpassportApprovertest" time="267.834" errors="0" timestamp="2022-07-04T15:14:10 IST" skipped="0">
  <testcase classname="Admin.testcase.VigilanceNOCpassportApprovertest" name="clickviewformtest" time="49.401"/>
  <system-out/>
  <testcase classname="Admin.testcase.VigilanceNOCpassportApprovertest" name="remarkandalldetailstest" time="65.900"/>
  <system-out/>
  <testcase classname="Admin.testcase.VigilanceNOCpassportApprovertest" name="Resettest" time="86.275"/>
  <system-out/>
  <testcase classname="Admin.testcase.VigilanceNOCpassportApprovertest" name="Submittest" time="66.258"/>
  <system-out/>
</testsuite> <!-- Admin.testcase.VigilanceNOCpassportApprovertest -->
