<?xml version="1.0" encoding="UTF-8"?>
<!-- Generated by org.testng.reporters.JUnitReportReporter -->
<testsuite hostname="SoumyaHugar" failures="0" tests="1" name="Admin.testcase.ClaimapplicationOPDApprovertest2" time="65.063" errors="0" timestamp="2022-06-03T13:50:16 IST" skipped="0">
  <testcase classname="Admin.testcase.ClaimapplicationOPDApprovertest2" name="finalapproveformtest" time="65.063"/>
  <system-out/>
</testsuite> <!-- Admin.testcase.ClaimapplicationOPDApprovertest2 -->
