<?xml version="1.0" encoding="UTF-8"?>
<!-- Generated by org.testng.reporters.JUnitReportReporter -->
<testsuite hostname="SoumyaHugar" failures="0" tests="2" name="Admin.testcase.AnnualleaveApprovertest" time="111.055" errors="0" timestamp="2022-06-07T13:03:21 IST" skipped="0">
  <testcase classname="Admin.testcase.AnnualleaveApprovertest" name="rejectformrresettest" time="54.407"/>
  <system-out/>
  <testcase classname="Admin.testcase.AnnualleaveApprovertest" name="finalrejectformtest" time="56.648"/>
  <system-out/>
</testsuite> <!-- Admin.testcase.AnnualleaveApprovertest -->
