<?xml version="1.0" encoding="UTF-8"?>
<!-- Generated by org.testng.reporters.JUnitReportReporter -->
<testsuite hostname="SoumyaHugar" failures="0" tests="2" name="Admin.testcase.CasualleaveApprovertest" time="116.266" errors="0" timestamp="2022-06-07T13:30:11 IST" skipped="0">
  <testcase classname="Admin.testcase.CasualleaveApprovertest" name="rejectformrresettest" time="58.597"/>
  <system-out/>
  <testcase classname="Admin.testcase.CasualleaveApprovertest" name="finalrejectformtest" time="57.669"/>
  <system-out/>
</testsuite> <!-- Admin.testcase.CasualleaveApprovertest -->
