<?xml version="1.0" encoding="UTF-8"?>
<!-- Generated by org.testng.reporters.JUnitReportReporter -->
<testsuite hostname="SoumyaHugar" failures="0" tests="1" name="Admin.testcase.MaterialBidopeningRequestortest" time="66.297" errors="0" timestamp="2022-08-01T18:21:46 IST" skipped="0">
  <testcase classname="Admin.testcase.MaterialBidopeningRequestortest" name="createBidopeningtest" time="66.297"/>
  <system-out/>
</testsuite> <!-- Admin.testcase.MaterialBidopeningRequestortest -->
