<?xml version="1.0" encoding="UTF-8"?>
<!-- Generated by org.testng.reporters.JUnitReportReporter -->
<testsuite hostname="SoumyaHugar" failures="0" tests="5" name="Admin.testcase.ClaimintimationApprovertest" time="279.398" errors="0" timestamp="2022-05-03T13:26:34 IST" skipped="0">
  <testcase classname="Admin.testcase.ClaimintimationApprovertest" name="approverhistorytest" time="46.808"/>
  <system-out/>
  <testcase classname="Admin.testcase.ClaimintimationApprovertest" name="remarktest" time="52.230"/>
  <system-out/>
  <testcase classname="Admin.testcase.ClaimintimationApprovertest" name="rejectformtest" time="56.637"/>
  <system-out/>
  <testcase classname="Admin.testcase.ClaimintimationApprovertest" name="resetformtest" time="63.809"/>
  <system-out/>
  <testcase classname="Admin.testcase.ClaimintimationApprovertest" name="finalrejectformtest" time="59.914"/>
  <system-out/>
</testsuite> <!-- Admin.testcase.ClaimintimationApprovertest -->
