<?xml version="1.0" encoding="UTF-8"?>
<!-- Generated by org.testng.reporters.JUnitReportReporter -->
<testsuite hostname="SoumyaHugar" failures="0" tests="1" name="Admin.testcase.ClaimapplicationIPDRequestortest" time="217.483" errors="0" timestamp="2022-06-03T13:43:10 IST" skipped="0">
  <testcase classname="Admin.testcase.ClaimapplicationIPDRequestortest" name="againcreateform" time="217.483"/>
  <system-out/>
</testsuite> <!-- Admin.testcase.ClaimapplicationIPDRequestortest -->
