<?xml version="1.0" encoding="UTF-8"?>
<!-- Generated by org.testng.reporters.JUnitReportReporter -->
<testsuite hostname="SoumyaHugar" failures="0" tests="3" name="Admin.testcase.VigilanceclearanceRetiApprovertest" time="195.410" errors="0" timestamp="2022-07-20T11:38:38 IST" skipped="0">
  <testcase classname="Admin.testcase.VigilanceclearanceRetiApprovertest" name="clickviewformtest" time="50.985"/>
  <system-out/>
  <testcase classname="Admin.testcase.VigilanceclearanceRetiApprovertest" name="remarkandalldetailstest" time="78.531"/>
  <system-out/>
  <testcase classname="Admin.testcase.VigilanceclearanceRetiApprovertest" name="Submittest" time="65.894"/>
  <system-out/>
</testsuite> <!-- Admin.testcase.VigilanceclearanceRetiApprovertest -->
