<?xml version="1.0" encoding="UTF-8"?>
<!-- Generated by org.testng.reporters.JUnitReportReporter -->
<testsuite hostname="SoumyaHugar" failures="0" tests="1" name="Admin.testcase.PeriodicalsRequesttest$TelephoneRequesttest" time="15.272" errors="0" timestamp="2022-04-05T15:58:30 IST" skipped="0">
  <testcase classname="Admin.testcase.PeriodicalsRequesttest$TelephoneRequesttest" name="yearpage" time="15.272"/>
  <system-out/>
</testsuite> <!-- Admin.testcase.PeriodicalsRequesttest$TelephoneRequesttest -->
