<?xml version="1.0" encoding="UTF-8"?>
<!-- Generated by org.testng.reporters.JUnitReportReporter -->
<testsuite hostname="SoumyaHugar" failures="0" tests="1" name="Admin.testcase.CompensatoryApprovertest" time="53.361" errors="0" timestamp="2022-06-05T17:11:26 IST" skipped="0">
  <testcase classname="Admin.testcase.CompensatoryApprovertest" name="finalrejectformtest" time="53.361"/>
  <system-out/>
</testsuite> <!-- Admin.testcase.CompensatoryApprovertest -->
