<?xml version="1.0" encoding="UTF-8"?>
<!-- Generated by org.testng.reporters.JUnitReportReporter -->
<testsuite hostname="SoumyaHugar" failures="0" tests="1" name="Admin.testcase.MedicalchangeRequestortest" time="51.678" errors="0" timestamp="2022-06-03T13:26:06 IST" skipped="0">
  <testcase classname="Admin.testcase.MedicalchangeRequestortest" name="submitformtest" time="51.678"/>
  <system-out/>
</testsuite> <!-- Admin.testcase.MedicalchangeRequestortest -->
