<?xml version="1.0" encoding="UTF-8"?>
<!-- Generated by org.testng.reporters.JUnitReportReporter -->
<testsuite hostname="SoumyaHugar" failures="0" tests="1" name="Admin.testcase.HalfPayLeaveApprovertest" time="54.723" errors="0" timestamp="2022-06-05T17:58:00 IST" skipped="0">
  <testcase classname="Admin.testcase.HalfPayLeaveApprovertest" name="finalrejectformtest" time="54.723"/>
  <system-out/>
</testsuite> <!-- Admin.testcase.HalfPayLeaveApprovertest -->
