<?xml version="1.0" encoding="UTF-8"?>
<!-- Generated by org.testng.reporters.JUnitReportReporter -->
<testsuite hostname="SoumyaHugar" failures="0" tests="1" name="Admin.testcase.EmployeePage1test" time="0.859" errors="0" timestamp="2022-03-29T10:45:11 IST" skipped="0">
  <testcase classname="Admin.testcase.EmployeePage1test" name="employeeselection" time="0.859"/>
  <system-out/>
</testsuite> <!-- Admin.testcase.EmployeePage1test -->
