<?xml version="1.0" encoding="UTF-8"?>
<!-- Generated by org.testng.reporters.JUnitReportReporter -->
<testsuite hostname="SoumyaHugar" failures="0" tests="3" name="Admin.testcase.MedicaladdingRequesttest2" time="109.783" errors="0" timestamp="2022-04-28T15:25:11 IST" skipped="0">
  <testcase classname="Admin.testcase.MedicaladdingRequesttest2" name="addigdependenttest" time="32.416"/>
  <system-out/>
  <testcase classname="Admin.testcase.MedicaladdingRequesttest2" name="edittest" time="34.255"/>
  <system-out/>
  <testcase classname="Admin.testcase.MedicaladdingRequesttest2" name="submittest" time="43.112"/>
  <system-out/>
</testsuite> <!-- Admin.testcase.MedicaladdingRequesttest2 -->
