<?xml version="1.0" encoding="UTF-8"?>
<!-- Generated by org.testng.reporters.JUnitReportReporter -->
<testsuite hostname="SoumyaHugar" failures="0" tests="1" name="Admin.testcase.MaterialFloatingEnquiryRequestortest" time="64.396" errors="0" timestamp="2022-08-01T18:10:50 IST" skipped="0">
  <testcase classname="Admin.testcase.MaterialFloatingEnquiryRequestortest" name="Creatnewtest" time="64.396"/>
  <system-out/>
</testsuite> <!-- Admin.testcase.MaterialFloatingEnquiryRequestortest -->
