<?xml version="1.0" encoding="UTF-8"?>
<!-- Generated by org.testng.reporters.JUnitReportReporter -->
<testsuite hostname="SoumyaHugar" failures="0" tests="1" name="Admin.testcase.CasualleaveRequestortest" time="77.888" errors="0" timestamp="2022-06-14T15:25:53 IST" skipped="0">
  <testcase classname="Admin.testcase.CasualleaveRequestortest" name="finalsubmittest" time="77.888"/>
  <system-out/>
</testsuite> <!-- Admin.testcase.CasualleaveRequestortest -->
