<?xml version="1.0" encoding="UTF-8"?>
<!-- Generated by org.testng.reporters.JUnitReportReporter -->
<testsuite hostname="SoumyaHugar" failures="0" tests="1" name="Admin.testcase.MedicaladdingRequesttest" time="63.253" errors="0" timestamp="2022-06-03T13:02:48 IST" skipped="0">
  <testcase classname="Admin.testcase.MedicaladdingRequesttest" name="submitformtest" time="63.253"/>
  <system-out/>
</testsuite> <!-- Admin.testcase.MedicaladdingRequesttest -->
