<?xml version="1.0" encoding="UTF-8"?>
<!-- Generated by org.testng.reporters.JUnitReportReporter -->
<testsuite hostname="SoumyaHugar" failures="0" tests="1" name="Admin.testcase.MarketingpurchaseApprovertest" time="63.824" errors="0" timestamp="2022-07-27T18:36:02 IST" skipped="0">
  <testcase classname="Admin.testcase.MarketingpurchaseApprovertest" name="approvetest" time="63.824"/>
  <system-out/>
</testsuite> <!-- Admin.testcase.MarketingpurchaseApprovertest -->
