<?xml version="1.0" encoding="UTF-8"?>
<!-- Generated by org.testng.reporters.JUnitReportReporter -->
<testsuite hostname="SoumyaHugar" failures="0" tests="1" name="Admin.testcase.VigilanceclearanceOtherApprovertest$VigilanceNocforeignvisitApprovertest" time="80.978" errors="0" timestamp="2022-07-06T12:25:10 IST" skipped="0">
  <testcase classname="Admin.testcase.VigilanceclearanceOtherApprovertest$VigilanceNocforeignvisitApprovertest" name="clickviewformtest" time="80.978"/>
  <system-out/>
</testsuite> <!-- Admin.testcase.VigilanceclearanceOtherApprovertest$VigilanceNocforeignvisitApprovertest -->
