<?xml version="1.0" encoding="UTF-8"?>
<!-- Generated by org.testng.reporters.JUnitReportReporter -->
<testsuite hostname="SoumyaHugar" failures="0" tests="1" name="Admin.testcase.VigilancePropertyIMARequestortest" time="103.883" errors="0" timestamp="2022-06-29T20:16:48 IST" skipped="0">
  <testcase classname="Admin.testcase.VigilancePropertyIMARequestortest" name="NocpropertyIMAsubmittest" time="103.883"/>
  <system-out/>
</testsuite> <!-- Admin.testcase.VigilancePropertyIMARequestortest -->
