<?xml version="1.0" encoding="UTF-8"?>
<!-- Generated by org.testng.reporters.JUnitReportReporter -->
<testsuite hostname="SoumyaHugar" failures="0" tests="5" name="Admin.testcase.MedicaladdingApprovertest" time="266.356" errors="0" timestamp="2022-04-28T15:22:45 IST" skipped="0">
  <testcase classname="Admin.testcase.MedicaladdingApprovertest" name="approverhistorytest" time="38.027"/>
  <system-out/>
  <testcase classname="Admin.testcase.MedicaladdingApprovertest" name="remarktest" time="48.560"/>
  <system-out/>
  <testcase classname="Admin.testcase.MedicaladdingApprovertest" name="rejectformtest" time="55.353"/>
  <system-out/>
  <testcase classname="Admin.testcase.MedicaladdingApprovertest" name="resetformtest" time="58.839"/>
  <system-out/>
  <testcase classname="Admin.testcase.MedicaladdingApprovertest" name="finalrejectformtest" time="65.577"/>
  <system-out/>
</testsuite> <!-- Admin.testcase.MedicaladdingApprovertest -->
