<?xml version="1.0" encoding="UTF-8"?>
<!-- Generated by org.testng.reporters.JUnitReportReporter -->
<testsuite hostname="SoumyaHugar" failures="0" tests="1" name="Admin.testcase.Telephoneexpendituretest" time="15.247" errors="0" timestamp="2022-04-05T15:23:51 IST" skipped="0">
  <testcase classname="Admin.testcase.Telephoneexpendituretest" name="sumitpage" time="15.247"/>
  <system-out/>
</testsuite> <!-- Admin.testcase.Telephoneexpendituretest -->
