<?xml version="1.0" encoding="UTF-8"?>
<!-- Generated by org.testng.reporters.JUnitReportReporter -->
<testsuite hostname="SoumyaHugar" failures="0" tests="1" name="Admin.testcase.MarketingDomesticRequestortest" time="0.000" errors="0" timestamp="2022-07-23T21:33:14 IST" skipped="1">
  <testcase classname="Admin.testcase.MarketingDomesticRequestortest" name="Gobacktest" time="0.000">
    <skipped/>
  </testcase> <!-- Gobacktest -->
  <system-out/>
</testsuite> <!-- Admin.testcase.MarketingDomesticRequestortest -->
