<?xml version="1.0" encoding="UTF-8"?>
<!-- Generated by org.testng.reporters.JUnitReportReporter -->
<testsuite hostname="SoumyaHugar" failures="0" tests="4" name="Admin.testcase.VigilanceNOCforwardingApprovertest" time="263.728" errors="0" timestamp="2022-07-04T15:46:01 IST" skipped="0">
  <testcase classname="Admin.testcase.VigilanceNOCforwardingApprovertest" name="clickviewformtest" time="67.991"/>
  <system-out/>
  <testcase classname="Admin.testcase.VigilanceNOCforwardingApprovertest" name="remarkandalldetailstest" time="53.019"/>
  <system-out/>
  <testcase classname="Admin.testcase.VigilanceNOCforwardingApprovertest" name="Resettest" time="57.714"/>
  <system-out/>
  <testcase classname="Admin.testcase.VigilanceNOCforwardingApprovertest" name="Submittest" time="85.004"/>
  <system-out/>
</testsuite> <!-- Admin.testcase.VigilanceNOCforwardingApprovertest -->
