<?xml version="1.0" encoding="UTF-8"?>
<!-- Generated by org.testng.reporters.JUnitReportReporter -->
<testsuite hostname="SoumyaHugar" failures="0" tests="1" name="Admin.testcase.MaterialBidcomparisonApprovertest" time="68.562" errors="0" timestamp="2022-08-01T19:14:57 IST" skipped="0">
  <testcase classname="Admin.testcase.MaterialBidcomparisonApprovertest" name="approveBidcomparisontest" time="68.562"/>
  <system-out/>
</testsuite> <!-- Admin.testcase.MaterialBidcomparisonApprovertest -->
