<?xml version="1.0" encoding="UTF-8"?>
<!-- Generated by org.testng.reporters.JUnitReportReporter -->
<testsuite hostname="SoumyaHugar" failures="0" tests="1" name="Admin.testcase.MedicalchangeApprovertest2" time="54.834" errors="0" timestamp="2022-06-03T13:28:09 IST" skipped="0">
  <testcase classname="Admin.testcase.MedicalchangeApprovertest2" name="finalapproveformtest" time="54.834"/>
  <system-out/>
</testsuite> <!-- Admin.testcase.MedicalchangeApprovertest2 -->
