<?xml version="1.0" encoding="UTF-8"?>
<!-- Generated by org.testng.reporters.JUnitReportReporter -->
<testsuite hostname="SoumyaHugar" failures="0" tests="4" name="Admin.testcase.LeaveencashmentRequestortest" time="174.404" errors="0" timestamp="2022-06-07T13:42:56 IST" skipped="0">
  <testcase classname="Admin.testcase.LeaveencashmentRequestortest" name="Encashmentdaystest" time="49.401"/>
  <system-out/>
  <testcase classname="Admin.testcase.LeaveencashmentRequestortest" name="Deletetest" time="40.761"/>
  <system-out/>
  <testcase classname="Admin.testcase.LeaveencashmentRequestortest" name="Finalencashmentsubmittest" time="46.875"/>
  <system-out/>
  <testcase classname="Admin.testcase.LeaveencashmentRequestortest" name="viewpagetest" time="37.367"/>
  <system-out/>
</testsuite> <!-- Admin.testcase.LeaveencashmentRequestortest -->
