<?xml version="1.0" encoding="UTF-8"?>
<!-- Generated by org.testng.reporters.JUnitReportReporter -->
<testsuite hostname="SoumyaHugar" failures="0" tests="1" name="Admin.testcase.ClaimintimationRequestortest" time="95.840" errors="0" timestamp="2022-06-03T13:33:51 IST" skipped="0">
  <testcase classname="Admin.testcase.ClaimintimationRequestortest" name="submitformtest" time="95.840"/>
  <system-out/>
</testsuite> <!-- Admin.testcase.ClaimintimationRequestortest -->
