<?xml version="1.0" encoding="UTF-8"?>
<!-- Generated by org.testng.reporters.JUnitReportReporter -->
<testsuite hostname="SoumyaHugar" failures="0" tests="1" name="Admin.testcase.TelephoneApprovertest2" time="64.976" errors="0" timestamp="2022-07-23T21:24:01 IST" skipped="0">
  <testcase classname="Admin.testcase.TelephoneApprovertest2" name="accepttheform" time="64.976"/>
  <system-out/>
</testsuite> <!-- Admin.testcase.TelephoneApprovertest2 -->
