<?xml version="1.0" encoding="UTF-8"?>
<!-- Generated by org.testng.reporters.JUnitReportReporter -->
<testsuite hostname="SoumyaHugar" failures="0" tests="1" name="Admin.testcase.MarketingSalesquotationpagetest" time="125.939" errors="0" timestamp="2022-07-18T17:12:10 IST" skipped="0">
  <testcase classname="Admin.testcase.MarketingSalesquotationpagetest" name="productloadingHeadertest" time="125.939"/>
  <system-out/>
</testsuite> <!-- Admin.testcase.MarketingSalesquotationpagetest -->
