<?xml version="1.0" encoding="UTF-8"?>
<!-- Generated by org.testng.reporters.JUnitReportReporter -->
<testsuite hostname="SoumyaHugar" failures="0" tests="3" name="Admin.testcase.ClaimapplicationIPDRequestortest2" time="123.480" errors="0" timestamp="2022-05-20T13:49:13 IST" skipped="0">
  <testcase classname="Admin.testcase.ClaimapplicationIPDRequestortest2" name="ClaimIntimationtest" time="29.438"/>
  <system-out/>
  <testcase classname="Admin.testcase.ClaimapplicationIPDRequestortest2" name="edittest" time="45.897"/>
  <system-out/>
  <testcase classname="Admin.testcase.ClaimapplicationIPDRequestortest2" name="submittest" time="48.145"/>
  <system-out/>
</testsuite> <!-- Admin.testcase.ClaimapplicationIPDRequestortest2 -->
